  Main.cpp
D:\Pong\Pong\Main.cpp(36,43): warning C4244: 'argument': conversion from 'int' to 'float', possible loss of data
D:\Pong\Pong\Main.cpp(37,68): warning C4244: 'argument': conversion from 'int' to 'float', possible loss of data
D:\Pong\Pong\Main.cpp(37,39): warning C4244: 'argument': conversion from 'int' to 'float', possible loss of data
D:\Pong\Pong\Main.cpp(38,65): warning C4244: 'argument': conversion from 'int' to 'float', possible loss of data
D:\Pong\Pong\Main.cpp(38,55): warning C4244: 'argument': conversion from 'int' to 'float', possible loss of data
D:\Pong\Pong\Main.cpp(38,38): warning C4244: 'argument': conversion from 'int' to 'float', possible loss of data
D:\Pong\Pong\Main.cpp(39,90): warning C4244: 'argument': conversion from 'int' to 'float', possible loss of data
D:\Pong\Pong\Main.cpp(39,80): warning C4244: 'argument': conversion from 'int' to 'float', possible loss of data
D:\Pong\Pong\Main.cpp(39,63): warning C4244: 'argument': conversion from 'int' to 'float', possible loss of data
D:\Pong\Pong\Main.cpp(39,34): warning C4244: 'argument': conversion from 'int' to 'float', possible loss of data
D:\Pong\Pong\Main.cpp(40,53): warning C4244: 'argument': conversion from 'int' to 'float', possible loss of data
D:\Pong\Pong\Main.cpp(43,12): warning C4244: 'argument': conversion from 'time_t' to 'unsigned int', possible loss of data
D:\Pong\Pong\Main.cpp(67,20): warning C4244: '=': conversion from 'double' to 'int', possible loss of data
D:\Pong\Pong\Main.cpp(78,57): warning C4244: 'argument': conversion from 'int' to 'T', possible loss of data
D:\Pong\Pong\Main.cpp(78,57): warning C4244:         with
D:\Pong\Pong\Main.cpp(78,57): warning C4244:         [
D:\Pong\Pong\Main.cpp(78,57): warning C4244:             T=float
D:\Pong\Pong\Main.cpp(78,57): warning C4244:         ]
D:\Pong\Pong\Main.cpp(78,38): warning C4244: 'argument': conversion from 'int' to 'T', possible loss of data
D:\Pong\Pong\Main.cpp(78,38): warning C4244:         with
D:\Pong\Pong\Main.cpp(78,38): warning C4244:         [
D:\Pong\Pong\Main.cpp(78,38): warning C4244:             T=float
D:\Pong\Pong\Main.cpp(78,38): warning C4244:         ]
D:\Pong\Pong\Main.cpp(84,57): warning C4244: 'argument': conversion from 'int' to 'T', possible loss of data
D:\Pong\Pong\Main.cpp(84,57): warning C4244:         with
D:\Pong\Pong\Main.cpp(84,57): warning C4244:         [
D:\Pong\Pong\Main.cpp(84,57): warning C4244:             T=float
D:\Pong\Pong\Main.cpp(84,57): warning C4244:         ]
D:\Pong\Pong\Main.cpp(84,38): warning C4244: 'argument': conversion from 'int' to 'T', possible loss of data
D:\Pong\Pong\Main.cpp(84,38): warning C4244:         with
D:\Pong\Pong\Main.cpp(84,38): warning C4244:         [
D:\Pong\Pong\Main.cpp(84,38): warning C4244:             T=float
D:\Pong\Pong\Main.cpp(84,38): warning C4244:         ]
D:\Pong\Pong\Main.cpp(91,20): warning C4244: '=': conversion from 'double' to 'int', possible loss of data
D:\Pong\Pong\Main.cpp(102,57): warning C4244: 'argument': conversion from 'int' to 'T', possible loss of data
D:\Pong\Pong\Main.cpp(102,57): warning C4244:         with
D:\Pong\Pong\Main.cpp(102,57): warning C4244:         [
D:\Pong\Pong\Main.cpp(102,57): warning C4244:             T=float
D:\Pong\Pong\Main.cpp(102,57): warning C4244:         ]
D:\Pong\Pong\Main.cpp(102,38): warning C4244: 'argument': conversion from 'int' to 'T', possible loss of data
D:\Pong\Pong\Main.cpp(102,38): warning C4244:         with
D:\Pong\Pong\Main.cpp(102,38): warning C4244:         [
D:\Pong\Pong\Main.cpp(102,38): warning C4244:             T=float
D:\Pong\Pong\Main.cpp(102,38): warning C4244:         ]
D:\Pong\Pong\Main.cpp(108,57): warning C4244: 'argument': conversion from 'int' to 'T', possible loss of data
D:\Pong\Pong\Main.cpp(108,57): warning C4244:         with
D:\Pong\Pong\Main.cpp(108,57): warning C4244:         [
D:\Pong\Pong\Main.cpp(108,57): warning C4244:             T=float
D:\Pong\Pong\Main.cpp(108,57): warning C4244:         ]
D:\Pong\Pong\Main.cpp(108,38): warning C4244: 'argument': conversion from 'int' to 'T', possible loss of data
D:\Pong\Pong\Main.cpp(108,38): warning C4244:         with
D:\Pong\Pong\Main.cpp(108,38): warning C4244:         [
D:\Pong\Pong\Main.cpp(108,38): warning C4244:             T=float
D:\Pong\Pong\Main.cpp(108,38): warning C4244:         ]
D:\Pong\Pong\Main.cpp(116,20): warning C4244: '=': conversion from 'double' to 'int', possible loss of data
D:\Pong\Pong\Main.cpp(127,57): warning C4244: 'argument': conversion from 'int' to 'T', possible loss of data
D:\Pong\Pong\Main.cpp(127,57): warning C4244:         with
D:\Pong\Pong\Main.cpp(127,57): warning C4244:         [
D:\Pong\Pong\Main.cpp(127,57): warning C4244:             T=float
D:\Pong\Pong\Main.cpp(127,57): warning C4244:         ]
D:\Pong\Pong\Main.cpp(127,38): warning C4244: 'argument': conversion from 'int' to 'T', possible loss of data
D:\Pong\Pong\Main.cpp(127,38): warning C4244:         with
D:\Pong\Pong\Main.cpp(127,38): warning C4244:         [
D:\Pong\Pong\Main.cpp(127,38): warning C4244:             T=float
D:\Pong\Pong\Main.cpp(127,38): warning C4244:         ]
D:\Pong\Pong\Main.cpp(133,57): warning C4244: 'argument': conversion from 'int' to 'T', possible loss of data
D:\Pong\Pong\Main.cpp(133,57): warning C4244:         with
D:\Pong\Pong\Main.cpp(133,57): warning C4244:         [
D:\Pong\Pong\Main.cpp(133,57): warning C4244:             T=float
D:\Pong\Pong\Main.cpp(133,57): warning C4244:         ]
D:\Pong\Pong\Main.cpp(133,38): warning C4244: 'argument': conversion from 'int' to 'T', possible loss of data
D:\Pong\Pong\Main.cpp(133,38): warning C4244:         with
D:\Pong\Pong\Main.cpp(133,38): warning C4244:         [
D:\Pong\Pong\Main.cpp(133,38): warning C4244:             T=float
D:\Pong\Pong\Main.cpp(133,38): warning C4244:         ]
D:\Pong\Pong\Main.cpp(145,1): warning C4326: return type of 'main' should be 'int' instead of 'void'
D:\Pong\Pong\Main.cpp(167,62): warning C4244: 'argument': conversion from 'int' to 'float', possible loss of data
D:\Pong\Pong\Main.cpp(167,52): warning C4244: 'argument': conversion from 'int' to 'float', possible loss of data
D:\Pong\Pong\Main.cpp(167,35): warning C4244: 'argument': conversion from 'int' to 'float', possible loss of data
D:\Pong\Pong\Main.cpp(168,87): warning C4244: 'argument': conversion from 'int' to 'float', possible loss of data
D:\Pong\Pong\Main.cpp(168,77): warning C4244: 'argument': conversion from 'int' to 'float', possible loss of data
D:\Pong\Pong\Main.cpp(168,60): warning C4244: 'argument': conversion from 'int' to 'float', possible loss of data
D:\Pong\Pong\Main.cpp(168,31): warning C4244: 'argument': conversion from 'int' to 'float', possible loss of data
D:\Pong\Pong\Main.cpp(169,58): warning C4244: 'argument': conversion from 'int' to 'float', possible loss of data
D:\Pong\Pong\Main.cpp(169,46): warning C4244: 'argument': conversion from 'int' to 'float', possible loss of data
D:\Pong\Pong\Main.cpp(445,17): warning C4244: 'argument': conversion from 'int' to 'float', possible loss of data
D:\Pong\Pong\Main.cpp(462,18): warning C4244: 'argument': conversion from 'int' to 'float', possible loss of data
D:\Pong\Pong\Main.cpp(528,70): warning C4244: 'argument': conversion from 'double' to 'float', possible loss of data
D:\Pong\Pong\Main.cpp(528,43): warning C4244: 'argument': conversion from 'double' to 'float', possible loss of data
D:\Pong\Pong\Main.cpp(536,69): warning C4244: 'argument': conversion from 'double' to 'float', possible loss of data
D:\Pong\Pong\Main.cpp(536,42): warning C4244: 'argument': conversion from 'double' to 'float', possible loss of data
D:\Pong\Pong\Main.cpp(537,19): warning C4244: '=': conversion from 'double' to 'int', possible loss of data
D:\Pong\Pong\Main.cpp(538,30): warning C4244: 'argument': conversion from 'int' to 'float', possible loss of data
D:\Pong\Pong\Main.cpp(538,20): warning C4244: 'argument': conversion from 'int' to 'float', possible loss of data
D:\Pong\Pong\Main.cpp(546,69): warning C4244: 'argument': conversion from 'double' to 'float', possible loss of data
D:\Pong\Pong\Main.cpp(546,42): warning C4244: 'argument': conversion from 'double' to 'float', possible loss of data
D:\Pong\Pong\Main.cpp(555,113): warning C4244: 'argument': conversion from 'T' to 'float', possible loss of data
D:\Pong\Pong\Main.cpp(555,113): warning C4244:         with
D:\Pong\Pong\Main.cpp(555,113): warning C4244:         [
D:\Pong\Pong\Main.cpp(555,113): warning C4244:             T=unsigned int
D:\Pong\Pong\Main.cpp(555,113): warning C4244:         ]
D:\Pong\Pong\Main.cpp(556,101): warning C4244: 'argument': conversion from 'double' to 'float', possible loss of data
D:\Pong\Pong\Main.cpp(557,102): warning C4244: 'argument': conversion from 'double' to 'float', possible loss of data
D:\Pong\Pong\Main.cpp(559,102): warning C4244: 'argument': conversion from 'double' to 'float', possible loss of data
D:\Pong\Pong\Main.cpp(571,16): warning C4018: '>=': signed/unsigned mismatch
D:\Pong\Pong\Main.cpp(571,38): warning C4018: '<': signed/unsigned mismatch
D:\Pong\Pong\Main.cpp(579,22): warning C4018: '<': signed/unsigned mismatch
  Pong.vcxproj -> D:\Pong\Debug\Pong.exe
